<?xml version="1.0" encoding="UTF-8"?>
<testsuite name="Proceso de compra" tests="1" skipped="0" failures="0" errors="0" timestamp="2024-01-19T20:40:54" hostname="PSOFKA01047" time="17.862">
  <properties/>
  <testcase name="realizar una compra de forma exitosa" classname="Proceso de compra" time="17.862"/>
  <system-out><![CDATA[]]></system-out>
  <system-err><![CDATA[ene. 19, 2024 3:40:58 P. M. org.openqa.selenium.devtools.CdpVersionFinder findNearestMatch
WARNING: Unable to find an exact match for CDP version 121, returning the closest version; found: 119; Please update to a Selenium version that supports CDP version 121
]]></system-err>
</testsuite>
