<?xml version="1.0" encoding="UTF-8"?>
<testsuite name="Proceso de compra en saucedemo" tests="1" skipped="0" failures="0" errors="0" timestamp="2024-01-24T19:06:23" hostname="PSOFKA01047" time="22.415">
  <properties/>
  <testcase name="realizar una compra de forma exitosa" classname="Proceso de compra en saucedemo" time="22.415"/>
  <system-out><![CDATA[]]></system-out>
  <system-err><![CDATA[ene. 24, 2024 2:06:34 P. M. org.openqa.selenium.devtools.CdpVersionFinder findNearestMatch
WARNING: Unable to find an exact match for CDP version 121, returning the closest version; found: 119; Please update to a Selenium version that supports CDP version 121
]]></system-err>
</testsuite>
