<?xml version="1.0" encoding="UTF-8"?>
<testsuite name="Servicio consultar usuario" tests="1" skipped="0" failures="0" errors="0" timestamp="2024-01-24T22:52:23" hostname="PSOFKA01047" time="8.741">
  <properties/>
  <testcase name="Consultar usuario exitosamente" classname="Servicio consultar usuario" time="8.741"/>
  <system-out><![CDATA[Request method:	GET
Request URI:	https://petstore.swagger.io/v2/user/Stephany78
Proxy:			<none>
Request params:	<none>
Query params:	<none>
Form params:	<none>
Path params:	<none>
Headers:		Accept=*/*
				Content-Type=application/json
Cookies:		<none>
Multiparts:		<none>
Body:			<none>
HTTP/1.1 200 OK
Date: Wed, 24 Jan 2024 22:46:25 GMT
Content-Type: application/json
Transfer-Encoding: chunked
Connection: keep-alive
Access-Control-Allow-Origin: *
Access-Control-Allow-Methods: GET, POST, DELETE, PUT
Access-Control-Allow-Headers: Content-Type, api_key, Authorization
Server: Jetty(9.2.9.v20150224)

{
    "id": 121,
    "username": "Stephany78",
    "email": "stephany.00@gmail.com",
    "password": "Stephany10",
    "phone": "88947950",
    "userStatus": 1
}
]]></system-out>
  <system-err><![CDATA[]]></system-err>
</testsuite>
